lauda
tupa
dieudonee
polinea
clinton
uirandi
arantes
guiomar
Abisael
ted
francoise
antonia
hegla
Evangelina
Didier
diogenes
zenia
hala
joao-vitor
taufik
teo
albornoz
antonin
antonio
gandara
megaron
garib
Ralf
Iasmine 
esdras
Átila
rolf
hani
Aldivina
Ingrid 
hans
Zanir
ceu
Úrsula
nahum
perseveranda
Edelson
hana
rowena
nolepeleko
abeona
sibil
conrad
alekena
avare
Celeste
baldomar
adrian
emereciano
Ada
Raí
Maribel
alipia
epifania
omero
corin
alipio
crispin
epifanio
crispim
sylvie
tim
niceia
eidil
owen
Adaelmo
ezio
GOIANDIRA
Alzinda 
Aldemir
cleonte
baltar
cid
festo
laurence
anticleia
dexter
ekualo
sara
Norlise
ipojuca
eike
yacamin
hathor
Tâmiris
akamu
caico
quaraciama
Cassiano
Joseane 
patrick
georgete
violante
zenas
accioli
belquis
belquir
gemma
itaperuna
Adelice
Adélcio
adriel
ciriaco
saladino
adalelmo
adrien
neymar
Thaíssa
Dino
atlas
amabel
laula
aldir
isolina
Kleber
caramuru
natividade
bloch
cindra
darius
zenon
juraci
anacleto
xanto
Odineide
dinora
joice
clintia
evaristo
Dina
floriano
kenichi
tereza
academos
cleonie
calisto
Zion
roth
colombina
Micaela
medeia
saul
tom
hava
calista
pina
Adelino
udalrico
gabina
Araci
hironides
nupeba
Lígia
ehwina
Bárbara
Suzy
ross
soraia
Élis
Georgiana 
Giovanna
Elsa
Élio
anco
arnulfo
colombino
ofir
ambrosia
Eloá
ogden
giorgia
laimana
rose
zabulao
rosa
alden
ezra
sueli
Nadja
jessie
Edenice
faical
suely
Eleonor
metanira
Marjorie
Nadir
adriana
Alessandra
adriane
Cícero
Adelina
dioros
Adeline
Zilá
romeiro
benami
kaakakona
Ana
Alessandro
juscelino
anes
Diná
pirene
Ane
Elmina 
lauro
Ivone
tereza-cristina
odessa
floriana
laura
neomedes
Thiago
denilson
rhett
timeu
Haroldo
Kawan
Dominic
apolonios
alberico
jaques
liouba
roselinde
fayard
zenir
kristal
arriaga
Jerónimo
azevedo
porcina
Hebe
teresa
carmelita
anja
Elza
gumercindo
Theo
Ticiano
Caila 
Anaís
Mayara
donatila
ivai
acirema
natalino
ania
ivan
clovis
Diva
eiruba
Kauani
Rosângela
caiua
evelina
Moira 
Ari
nahan
tatsuo
anis
gualter
eveline
courtney
eanes
clito
baniwa
Nicolau
pisandro
Dorothea
Ary
aldevina
Dante
wilmar
adriano
zenilda
desiree
keefe
Valentina
Adeilton
Ticiana
Rui
Angélica
anke
Valentino
marvin
Ruy
Angélico
ubata
nimbus
Rômulo
dacio
anni
japer
anne
anna
Xavier
aladino
arminio
kevin
aonia
manon
garth
adorabela
anicia
cisseu
yurio
Cailane 
bambina
servulo
opelia
platao
diana-regina
Diego
Rosário
ieda
Dácio
Ava
davena
Suéli
dacia
Alcione
ipana
bromberg
Otávio
obede
teca
ubana
Stefan
ecapira
nahim
goreti
Aldina
araguaci
baraquias
Agostília 
Deusa 
fagundo
andocides
ladislas
ladislau
julio-cesar
ana-julia
Thaís
veneranda
zareh
basilissa
cairu
penrod
zared
artemide
marvel
quione
zarek
simeon
Nathaly
micarla
anor
bertino
sezefredo
Naíde
Airton
justus
Pérola
basileu
cornelia
satiro
zulma
tonho
halim
filomena
daniela
cornelio
apelis
filomeno
cameron
robine
rubens
xande
xandy
Alanis 
madalena
Nilma
armindo
tonia
afranio
silvano
arianna
Agrício
Bosco
Regina
anto
alecia
alecio
arminda
gandolfo
carmelina
fajardo
filomela
clarimunda
donatien
dragomir
ceciliano
geremaro
candida
catulo
haley
arildo
edwin
joseane
Rhadyja
candido
uba
Barnabé
anta
teia
Suria
Nilsa
anfitrite
frida
haziel
emereciana
lea-1
Alisia 
dan
ataulfo
jordao
melchior
nubia
ailina
Eufrosino
apeles
padilha
Núria
edgard
Tarik
monica
carola
neriah
Rejane
estenio
basilio
uda
Cândida
baldomero
kelika
hadassa
silvana
Cândido
policena
conrado
avati
araujo
augustinho
claudete
Lélia
jeanette
adalzira
oksana
ivor
ladao
magdala
batistina
josephine
odilardo
analia
Marisol
Denzel           
Pedro
batistino
chamberlaim
wilhelmina
Dádiva 
Albano
dea
ibirajara
dina-1
anemone
rodolfo
queiros
quiteria
alcidano
tadeu
adalberia
davidson
ugo
pedroso
galeso
grata
geraldo
charlton
Rufino
andromico
Weller
hipolito
asher
cintia
aukanaii
ametista
juvenal
calvino
hipolita
rodusino
sirena
denis
Rosemere
xenofontes
Eunice
kaloka
obulo
bran
geralda
Jussara 
palas
caledonia
kaiki
taís
alcidamo
astride
queiroga
clancio
leoni
ivani
aricema
ivana
Isabella
juvenca
iere
clitia
kamala
ingrid
letice
basilides
domiciano
Nestor
cecil
creusa
Cacelina
clicie
jaclyn
pelegrino
murillo
kaila
luciene
bibiana
anise
maciel
marilene
Luigi
itambe
marilena
ula
bras
kalola
ulf
Luzia
Luzio
maraira
itamar
naneki
Rizonildo
malvino
sirene
anita
brunnah
baco
enare
sucupira
Anaina 
Sílvio
durval
atanagildo
sabiniano
takafumi
ume
dominique
Bitenha
goldman
Lael
ekika
Bia
anemola
thomas
adalberon
anando
petronilo
tommy
marlise
Muriel
wallis
josiah
maxwel
Sílvia
josias
Odorico
ebony
Gabrieli
gladyr
ivair
wagner
andreina
Dárcio
randall
kalolaina
nerina
adrastea
venerando
afrodisio
teolinda
margarit
isabel
nerine
Vicenzia
aodh
takeshi
Tarsício
alaina
oneide
Ralphe
moacir
oneida
badi
lacio
leikela
manai
kailola
Andreza
zarco
berghaman
armida
partenope
palma
Gabriela
catarina
joyce
Gabriele
mage
mandy
acteia
Liara 
malvina
ataide
alcis
baldwin
gaudencio
quimera
ecara
joshua
Lais
arkadius
bernarda
lubomir
raphael
sinfronio
murana
antipara
kazuo
Sol
maes
mandi
acira
bage
ingomar
Régis
bernardo
gracindo
zarah
mirela
zarao
feron
dalila
Saúl
edward
nuna
galena
baio
Alcindo
Venâncio
gamaliel
mair
delano
eugenio
Bráulio
Magnus
remulo
daros
Benício
galeno
ariston
maia
brook
dulcie
manes
pitia
Benícia
caiubi
yula
acanto
goias
Estrela
yule
Elisa
Gislaine 
Livânia
aldara
clayton
julliana
montgomery
Verónica
alceu
hosana
pecunia
salvador
Murilo
wilmara
damasio
alcer
ellen
tilde
bachir
dejanir
saverio
idmon
hekele
perminio
Anderson
eugenia
ovidio
Cristal 
evandro
anima
nuno
Luzinira
Telma
judite
judith
xama
Tristão
Germínia
babete
elmer
Telmo
Leopoldo
assuncao
Andresa
giacomo
Giselle
jacimar
Ícaro
honorio
lancelot
euterpe
Lana
malu
Lavínia
Mariana
Desiré 
idomeneu
Radija
tadeia
balboa
belmiro
artaschasa
sertorio
midas
Maira
aluisio
cedar
serafim
Rosane
Octávio
valdemiro
Rosana
lucrecio
uzi
wolf
manu
yuri
jenifer
lucien
lucrecia
belmira
barbara-cristina
ilitia
yure
madelberta
lucineide
Maitê
zalika
alcacova
lemoine
Armandina
galileo
elmar
laurino
bark
bertolino
jaboatao
bernice
filareto
Adalgisa
heracles
orson
sostenes
Lara
arlete
Ateneia 
bridget
campbel
acteao
galileu
Adalgiso
brochado
blanche
anhaia
Andersen
apolinaire
zoilo
sigeberto
lora
eurodo
admin
Kennedy
gregorio
cordato
pamela
mamom
kerina
cayari
estacia
iwin
lacirandy
unigena
Gertrudes
mary
Edelvira
celerino
aristeu
estacio
bart
diadema
mara
alaide
isolda
Élton
belinda
marc
aristofanes
mari
milton
canara
edemir
oquena
Jademir
susana
Caíco
dorida
Edelícia
cleopatra
maua
edelmira
jimy
quinci
ampliato
Andreia
Edelvita
Belara
thalassa
michele
michela
Jacobina
Margarida
Edelvito
evanildo
tamires
Tibúrcio
lazaro
alfredo
lemuel
lucina
gualtiero
jacques
soraya
arlene
Luiza
menescal
heraclio
kentaro
ebe
blenda
mohammed
bachmann
Esperança
djamila
Elide
eca
evita
carlito
aronne
Jacinta
maurice
kaneki
maurici
antoinete
lucila
eco
denise-aparecida
tomas
alienor
jabino
floralia
hunter
Amarilde 
Vilma
eda
jamila
inalecio
caeculus
jamile
Fédora
maddalena
Betina
marcus
maya
querubim
tamiris
djamira
militao
Danielle
malaquias
Basília
macario
hiroito
Berengária
Elias
Edair
Cirilo
eacido
jackson
Edécio
vougan
hirana
Basílio
peggy
Walter
kanela
frederica
randolfo
tomer
darlene
mohammad
dolores
alepeka
krista
frederico
macaria
Petra
Jacinto
veronica
Teo
Valdemar
floripes
janine
kerensa
benicia
vitaliano
Oriana
pierre
neal
jacinto
frabriciano
uberaba
jacinta
quentel
Benedicta
sabiano
mamede
Roselane
leomira
donaldo
almiro
heinz
vacuna
ehu
branca
ansberto
Quintino
jacina
Bibiana
gerson
Julieta
alexino
ana-laura
alebion
ampelio
medardo
neda
Flávio
jekaterina
calidno
dilza
ibacem
gunda
Basileu
latoya
Rosalina
rinaldo
ceci
berilio
yardley
brandi
larisa
raquel
turin
benicio
giannina
percival
sigismundo
severo
jocasta
orfeu
contardo
heiki
iramaia
palatino
adroaldo
rosalvo
niara
Anailza
aracema
aracae
heike
nazira
samson
clemente
plauto
michelangelo
nathan
heiko
cayres
itono
georg
eli
quentin
Bianca
pasini
jacira
konrad
Silvana
timandra
estentor
apoedia
yeda
Conrado
yves
Abel
albion
ema
anabela
Flávia
vaughan
Ed
emi
clotilde
Matheus
Mel 
Aluísio
Alayr
canace
paola
barbie
Altino
eileen
linei
salgado
ena
cesarino
duilio
almira
eni
filinto
marcos
Jandir
eno
giselda
donga
cesarina
jenie
hermon
Rivaldo
linda
Maeva 
unxia
paolo
Narjara
aldora
lameque
Edinalda
César
aeneas
liberato
Bela
Ademar
Raoni
marcia
Dalmir
agustine
herman
ascanio
epi
frutuoso
juarana
leopoldino
dakarai
delamari
lineu
amira
Venusa
marcio
neil
mariana
linfa
Rosalice
liberata
paqueta
Tom
Deisily
africano
terensis
dinarte
neia
Estela
berenice
albina
singer
macenas
aaliyah
neli
jasao
Ailton
Reimão
fedro
Delma
seiji
albino
jessamina
valia
miraglia
ere
dobromil
anjuta
vanusa
Cacilda
Alfredo
emara
emare
caoilainn
ester
heidi
pepita
Cacildo
Adineia
Geraldo
herodes
yvon
alfio
lourival
florencia
gersam
lopaka
florencio
Stefano
ebano
lurdes
hermes
laberio
rosangela
amelia
Enzo
euquenor
plutarco
araponga
Arabela
Ivandro
apia
nemo
norberto
simpliciano
merlin
Geralda
amino
ulric
apio
fedra
quental
amina
Noémia
joseph
Selton
valdo
martha
jarede
Aristides
shinichi
eva
Leni 
Simone
Jofre
odorico
chermont
heliberto
Otacílio
delamare
vinciana
giselle
neon
balaao
fedon
dilma
lilith
kassia
ewa
lilite
anacreonte
jabel
valda
rosimeri
martim
kailani
Emanuela
kassim
nereide
zachary
Beto
nero
Agnelo
nery
Ademir
Aurora
bruneida
Simão
severino
icanor
faustino
dalvina
vyviane
gomes
gomer
acmon
obadia
jupira
ursel
marcal
Nereida 
Camilo
franziska
aagje
miguel
radagasio
Adriana
gliceria
Adriane
Olívia
Camila
Aureliano
marivaldo
Gilmar
ernest
Graciela
glicerio
Aureliana
Adinélia
josefa
cinara
aureo
remedios
Alana
cleonides
thamires
gustavo
Adriano
Virgílio
fortunato
jardel
cleodoro
gaby
hugo
florida
Belanísia
manasses
kodia
odoria
yeva
cambycara
tebas
hideaki
hilton
Lourenço
hugh
acalantis
apolino
clodomiro
apolina
fidias
tercio
teseu
anchieta
akeneki
franclim
Irene
agathe
araci-aracy
Alexandrino
hanon
hanom
ermenegildo
florian
adonis
morfeu
terencio
Belírio
anuncia
piera
kaled
Naraiana
antunes
nicandro
ubajara
barac
gadi
rosalba
itapolis
thamiris
Zelma
israel
najla
Domingos
Cíntia
Afonso
Michelle
fergus
maria-clara
onofre
laudemir
rafi
dimas
elba
viridiana
cassilda
victorine
kaleo
denzel
Michelly
adilio
Edeilda
tabitha
Rudesindo
melca
fay
gumersindo
teodolinda
lilian
liliam
adilia
gamarra
rosalia
rosalie
gael
Ivanildo
estelio
aristagoras
raed
branka
elam
Raphael
aparecido
gaia
algar
tercia
gail
melpone
itacira
antianira
antonita
julie
casper
Jonathan
julia
Felismino
Nice
greca
Rodrigo
polonio
aparecida
Jennifer 
jacinir
adauto
kalil
iriri
Agatha 
julio
Calenice
ferdinando
Josuana
gago
crespi
matias
edgardo
janice
neilson
maquiavel
silverio
zadoque
ananias
herondina
mozar
nazariel
dick
essoby
donna
galdencia
Edson
Odixe
lecanora
Dacelina
raja
nelita
antonina
ramiro
waltrode
heracleia
phoebe
rain
salatiel
Adenilde
antonino
osias
quintana
Edberto
elea
anninka
gaio
igor
Olga
Adarcy
roldao
Alzineia
anatolio
elen
melia
deniel
Moema
faith
sinesia
samir
alcmena
feliciano
elia
adonai
cassidy
david
tagar
ingride
Anselmo
leroy
gale
Anthony
talita
bolivar
elga
Kaline
kadichari
agamedes
deusdetina
sinesio
carmem
carmen
Golias
alete
vladimir
Risoleta
rosemarie
argeu
corinto
adameire
Ellen
cristina
jonatas
Maiara
murcia
adosinda
Micael
yachne
cristino
galeria
Albanita
berthold
cicreu
kotaro
natalia
alcebiades
jaque
natalie
Gonzaga
jaqui
Ruth
Rute
anadionema
meneceu
ailika
eliu
serafina
elis
Geruza
nazariela
Apolo
viata
nilson
serafino
wilma
cajuru
elma
skipp
tecaberaba
xaviera
Perpétua
florentino
erardo
Atena 
edgar
aimon
elke
zafira
Milagres
nabucodonosor
nildete
maturino
renan
Nilse
carlos
quinteria
Dulce
fernandes
duprat
orestes
gary
florentina
potira
eloa
Gracília 
baruque
britta
irineu
michel
virna
flynn
Nilza
Felipe
aracelis
emeline
Alzerina 
makelina
lafaiete
ghislaine
Lucília
keleka
porchat
Nilo
almirante
tersa
vehuiah
dinair
mirtos
Donato
gilvaneide
Beatris
henrique
cosmo
fox
macieira
Beatriz
jefferson
kelvin
Marley
dina
Anice
demetrius
charlene
zila
ifigenia
venancio
etelvino
nikolai
rafaela
Nina
nikolas
eloi
ludmila
viana
maurizio
orebe
castelar
cosme
zinara
benoni
nilsen
gamelia
guacira
adelaide
dion
javano
ifigenio
else
ravi
suzy
divino
elsa
tabajara
posseidon
Cailany 
Karine
Dom
simeao
semiramis
Karina
Arturo
denise
dino
aimee
paranhos
Douglas
raul
maria-fernanda
nevio
fahir
telemaco
jennifer
alena
jo
calidora
imira
genoveva
ibiri
deusdedit
gaye
ursula
alene
Hermano
Salomão
Jurandir
barata
charna
yvonne
oberon
boyra
Ciro
nicacio
cecile
Eugénio
hartwig
likeke
mirtis
agildo
Darci
menahem
inande
Alzira
gislaine
alessa
Ítalo
Ângelo
Cristiana
Ítala
benoit
melito
julieta
itajui
morgan
urtigao
Cristiano
charla
curvelo
bricio
tarsilio
Christiane
acarnane
Carolina
mizael
Nita
fritz
arruda
manjusha
aimao
aleia
Marlon
elva
dagmar
kendall
shirley
bevilaqua
Aurinda 
Raimunda
sean
aleit
agilio
torquato
Celine 
Raimundo
Jamil
emitima
diva
malque
panteia
amalina
Vanessa
cafira
talassa
Wilson
andrade
Surya
toriba
shirlei
Delfim
raban
Ângela
maluhia
aleka
jared
Gaspar
aristocles
alfeu
humberto
oderico-1
morrice
vicente
ecaiara
augusto
yahto
raria
gracia
clever
Vânia
maome
elza
garnier
kiara
naida
bella
Acidália
Evaldo
Izabel
hebe
petroski
crescenzia
suellen
doralice
Ronaldo
sotero
kilakila
ismenio
melina
jarvis
oswald
Jonatã
neusa
iguana
onias
polimela
belle
cefeu
bacelar
gilcimar
ebalo
samuel
sibyl
adora
ozzy
pierce
ismenia
norma
agostino
milano
munhoz
izabela
thierry
izabele
Aluisa 
hedi
Calvin
ana-beatriz
sabazio
Rosinete
connie
agnodice
sven
augusta
Teresinha
enoque
adamanto
maranhao
Gustavo
Omar
Adelci
batista
Lisandro
hamon
Lygia
agostina
rosina
simonette
Lisandra
rodney
anisia
aeron
bermondo
amiel
rodnei
taigete
arcadio
knox
basiliana
gad
Pietra
alfeno
paganini
basiliano
gal
kaylane
cefas
forel
jurandira
jubaia
horacia
zenite
Adelfo
Benardete
Nildemar
aracne
radulfo
engracia
horacio
nicias
arator
mairare
salim
arnoldo
perola
hele
aguirre
heli
rockne
volker
Nereu
naima
iguacu
Stephanie
nicolas
Brunilde
nicolau
Adélio
emaci
laurel
ryotaro
lauren
Gerusa
antenor
bertagnoli
Gema
belca
argos
peike
lilsa
vicenzo
arnolfo
ticiano
isaque
dilan
hamid
claire
Casimiro
Haidé
asdrubal
zulmira
schimidt
Roger
bernardine
thor
sigmara
fineas
Adélia
wilda
knut
catreu
florisbela
gabor
Calixto
anibal
alesha
ticiana
panda
polixene
Alejandro
Vanderlei
alexa
sales
Veridiana
Romario
belita
vespasiano
nicolette
Elisete
Thales
laval
abayomi
Laíza 
narceu
artemisia
quiromeu
patrocles
Adelma
Ofélia
kapila
liborio
Maristela
Núbia
Luan
belisa
iracema
casimir
graciliano
ihelane
gia
yahya
uolace
laulena
taiane
Ivonete 
matuzalem
teodoro
xuan
Dejanira
esperanca
hamed
jesuino
Adelmo
corina
rosita
hera
nassera
eufranor
gualberto
léia
Luca
jesuina
edoardo
Artur
Renê
Cailany
teodora
bartolo
Robson
Edeane
Serena
emir
naira
Rafaela
aquira
layla
oberico
nilton
Rafaelo
caprina
emma
virgil
itubore
vladislau
vladislav
Iracema
menon
Caroline 
Dagmar
amonati
Raisa 
Kevin
firminiano
arao
marani
aran
francilio
arai
araipe
marana
rigoberto
roney
debra
plinio
daciano
heather
kazumi
vanda
hokuokekai
heleno
ronei
helena
gurinhem
helene
ninive
mabel
arline
roseane
arlina
azael
Otília
Joab
toante
guinete
pandolfo
Edely
vidya
kenneth
adelbar
aquino
eriberto
seth
haidee
aricleia
anthea
Edeli
uaiana
bertario
geisla
escobar
Eli
kanake
gunter
cibele
Ema
ganimedes
Denise
nirvana
pindara
Carlota
sigelinde
eleanor
Adeilto
Jesualdo
Luiz
zaqueu
arariboia
Darlene
calais
jardano
aquila
laercio
morales
Ozeneide
altevira
godiva
Evandro
Luma
poliana
taina
andira
Deborah 
evangelista
keopele
wady
zacarias
friederike
magali
martiniano
leonardo
Joel
timoteus
ondina
aritana
koch
wade
capitolina
Maurílio
ranald
filoteia
kamona
alderico
clarence
delmar
camel
capitolino
Shirley
Wellington
Ilda
noemi
alencastro
kiera
ronny
quirina
Zalmir
xenia
camury
paraguacu
Luna
aminda
quirino
ario
Serafim
marilda
angela-maria
ygor
Adalmir
calamo
ermesinda
alvise
leuce
raven
andina
Raúl
laio
coema
asenate
lair
lais
loreto
isidro
almeida
laureano
nassima
jader
laureana
rayane
noela
Taína
ximena
loreta
lali
benedito
pietra
claudine
ururai
Adamastor
geraldino
lalo
manuela
nuncia
claudina
koji
queli
laurent
stewart
zeferino
ramona
benedita
lala
Aléxia
arns
Juvenal
basil
Aléxio
walger
gwenda
Aléxis
benta
henedina
Eva
carter
florinda
adalvino
eulice
pietro
lorena
claudino
nuncio
virginia
akele
lake
Edeleusa
hilaria
lani
rosinha
adalvina
ethel
musa
camby
Galcina
koma
wana
lalepa
onelio
ubauna
bento
Domicília
vania
dorcas
luther
selmiro
lana
hanauhou
jucana
marilia
akemi
lane
araiba
guerino
zaltana
Ricardo
Paloma
kola
agenora
janelle
ksenia
alicia
kanaua
hilario
Piedade
onelia
alvina
susumo
aquias
jatir
fulton
reinaldo
madeleine
Jadiel
duane
helen
Suele
lapa
cacilda
amancio
keila
rildo
dustin
Bernardete
orquidea
bedelia
koni
suelen
Alícia
kennedy
Glória
jacir
jeova
absalom
grazina
donatello
lars
ednare
ward
chase
genival
abstemio
morpheu
sabino
hannibal
lara
etzel
alina
everardo
aline
Evelyn 
marte
marta
yan
laurinda
kopi
donatella
anouk
dione
jarbas
munira
ariosto
itaco
Taísa
Leana 
Caetana
pavuna
carmelia
fidencio
Caitiane
Boanerges
Fiona
baepeba
Caetano
georgina
briareu
xuxa
manualdo
gerin
romualdo
marva
josenilde
Adeildo
josenilda
norris
dorothy
euler
Raissa
agamenon
fontoura
harrison
Adeilda
juatama
tino
endi
edvino
acrisio
kenjiro
Dolores
iodamia
oberto
domenico
tiburcio
adari
ana-rosa
efrata
alderiva
elidio
junia
Nazaré
José
jacob
josiana
xoloni
adalina
junio
Norah
itatiba
Ramón
Vicente
esperanza
Anita
Ilsa
Virgínia
chang
Afonsina
marchand
alika
riley
gislaim
yarmilla
bruna
laerte
malquiel
bernadette
kanji
alice
alderita
adonaide
keith
alida
monalisa
parigot
edileusa
Alarico
Helena
cabucu
maceio
solimao
nicia
franceline
Amparo
Kauã
valdir
Jossara
deborah
cezar
Fabíola
chris
francelino
arza
brunot
Rosemary
bruno
Joice
diogo
noelia
suleiman
adams
tancredo
milciades
adamo
dagom
Lorena
xarif
amalberga
adelmiro
yin
chaim
cleomedes
Alvina
chad
Magali
adaliah
Alvino
doriano
ruperto
Eneida 
eliaquim
dagny
mitsrael
zenaide
tito
iolanda
Ilza
polibio
pantoja
Erasmo
burton
beau
verissimo
enio
neftali
valdec
Vicenzo
hiroki
obita
bariri
tomaso
enid
semaco
ulva
farida
aliaa
boiardo
emerita
nathalia
clausio
Balsemina 
Raphaela
adair
Alzirinda 
ksenya
adail
ronan
beca
margareth
anneta
margarete
pascacio
nicol
Lauro
gracinaldo
libania
andrzej
Janete
Leda
Patrick
Laura
obiru
fegeu
siomara
arkell
libanio
Silene
Elizabete 
azair
maximiliano
suzie
romeo
Odaria
dickson
madelina
barry
joelle
gildo
alencar
madeline
maximiliana
borghild
ronildo
stela
hormenio
darwin
francine
gilda
giles
Eberson
hanani
lamenha
beaumont
gilson
Tomaz
glaucia
Amílcar
firmo
anaxagoras
garibaldi
celandine
Brenda
aratama
muciano
guapira
serguei
ilione
ismail
bartolomeu
galhardo
Palmira
Ademilson
enos
couto
Jefferson
marco
cadile
debora-regina
joelma
ludgero
Bertha 
baruc
uchoa
gilca
lucena
iberaba
alcioneu
mourao
Cristóvão
Sabine
Celestino
dominga
Melina
Sabina
bizet
Anaíra 
Eanes
conceicao
christianna
hilderico
baron
richard
abel
eistein
Lola 
clistenes
tayla
hermine
ivete
celico
isadora
edenica
henderson
dominic
ismael
filodemo
bela
marie
ecaraia
maria
Nathaniel
calix
margo
michael
Rayane
meir
apolodoro
clelia
romeu
azucena
hayato
umar
elmano
hur
saavedra
malori
Zélia
Péricles
america
beni
calidice
darlene-gloria
Zacaria
Leon
americo
aldemiro
Matheo
victoria
maris
diomara
greta
Lena
melo
mario
nolana
galadriel
grete
hiero
bell
Maciele
Newton
Santiago
benjamine
wilian
xinavane
epeneto
jaguar
elifaz
Naxla
emerenciana
marly
marlene
caleb
damocles
marlena
caled
herodiao
hideki
Augusto
Edvaldo
Érika
Ivani
xena
Ivana
Rosália
Laís
naldo
Augusta
ofelia
sloan
celeste
aimara
asma
ariel
anatole
kiichi
marli
mena
teddy
marla
lourdes
luana
ruan
antiope
kaspar
radamanto
djalmira
chun
maron
hekewika
elmara
Caike
helder
raiden
luciana
winston
kamuela
Kaique
maala
enzo
Osmarina
marni
hildeberto
luciano
serrao
derek
matutina
Amícia 
hierocles
Valdete
celino
graciana
peixoto
deolindo
araciara
deolinda
beth
Amarildo
bete
nanine
celiny
brenna
eirati
samira
keiko
enery
celina
maria-eduarda
Yolanda
mera
hisiodo
keike
rubi
pieter
salomon
Aldenora
Edenício
Júlia
adalia
Paco
wunibald
edith
edmundo
Júlio
edite
odisseu
Salete
ruda
abra
rudi
Eduardo
ethan
fabrizio
argemira
isnar
mauricio
ahmad
arquibaldo
eulino
kamal
Eduarda
zilema
amandio
christian
arajuba
ian
mauricia
Alison
Érica
paquerer
eulina
Adolphino
abud
Ambrosina
Sandrina
iba
Daniela
gadelha
argemiro
Leona
lalela
democrito
rufo
kamby
Wesley
galdina
Eveline
Corine 
camocim
Eric
emanuel
Belenice
Erik
Evelina
manuku
galdino
Abimaela
edipo
zea
zed
ida
Tadeu
felenio
sofia
zev
Letícia
Jeremias
Pietra 
dafne
iasmin
marjory
adoniran
zilda
zilena
vital
adoniram
paladino
Mário
dinis
cercion
Gualter
damarina
grimaldi
carrie
diniz
sheila
anselm
linus
Mohamed           
Michel
crispiano
taiguara
elpidio
harmon
pompilio
maria-julia
solomao
zehava
aedona
oscarina
dagoberto
acelino
laureen
Dénis
baltazar
macedonio
noemia
tarquecio
desdemona
seixas
Doroteia
noemio
zenobio
Natasha
Xico
ioana
marilse
jandira
maristela
zenobia
electra
Aluísa
florestano
bengt
galata
solomon
Gerson
lepido
ranilda
Olavo
mercedes
annie
Naiara
erard
olga
nohouka
susete
grania
fausto
celica
walelia
cida
nick
caceres
nico
anquises
Lediane
ciaran
mafalda
edina
peresia
pilatos
nice
vitor
filipa
oquira
filipe
quotar
taciguara
romao
valter
ana-lucia
roman
teocrito
lambert
katsuo
tecla
fani
jobson
lafontaine
quiron
fortuna
aecio
owena
Radaméz
seneca
Gil
pandareu
ilo
barsare
calimeria
Priscila
Vladimir
arion
remiel
albatenio
rute
dinah
ruth
rurina
ranildo
valfredo
manuel
Orestes
vincent
moritz
dandara
zoe
guto
jabriel
ina
vicki
Canuto
durward
manoela
Jarbas
Timóteo
idesta
jathara
Amorita 
Abelardo
Abilino
idril
Éris
mateus
mariucha
Álvaro
Taciana
faon
acaz
Taciano
paladio
piercarlo
Ivaldo
Malvino
inaie
madge
francesca
phelan
kaique
Ismara
ceressa
epona
alawara
glauce
Dalmiro
ipe
sidney
zaynab
Firmina
carlos-eduardo
Adalúcia
Iasmin
Zenaide
goulart
Nicola
olimpio
sidnei
Malvina
angelita
guilhermina
riberto
Dora
francesco
Grazianny
olimpia
Pablo          
Wagner
nila
Bina
hulda
milan
nilo
Nicole
timoteo
Firmino
ira
pora
Elaine 
isidora
Dalila
kelda
abner
isidore
quintela
fernando
zarina
acei
herica
ranulfo
maria-alice
agapenor
salomao
fernanda
eora
isa
marchiori
yanni
wilikilia
aidoneus
poti
nakana
jafar
Jackson
dorval
Alverita 
amintas
nino
amanara
Ester
marcelino
onesimo
nydia
marceline
samanta
vinicios
nina
Agueda
enide
savedro
honorato
atis
honorata
kolomona
arsenio
jeane
Sérgio
cordelia
amador
Leôncio
joao-victor
wallace
Rayssa
badui
rebeca
iva
alcinda
maria-jose
goulard
Adoração 
Teodemiro
solano
acis
ivo
acio
helotes
acir
arrife
agripa
damiao
Juliano
ivy
aruana
avelar
dionisio
kelia
berdine
Juliana
khuri
ecajira
aimore
jafet
Leah 
angelina
jeanine
doris
aliria
guacu
damaris
shai
hardy
manhana
ciro
atala
arrigo
Florentino
Evelásio
alirio
egidio
marcondes
lekinala
saadi
Belmiro
atalo
Amália
odair
Florentina
atalia
egidia
afife
fidio
Guy
Dalice
virgilio
Tânia
Dilan
virgilia
bristol
Dalida
welama
Zuleica
Adamor
kelly
marinho
silvia
raghu
Rodolfo
Osias
aparicia
nita
oivario
Niedja
caetano
zarifa
maximilienne
taciata
pelopidas
aparicio
guilherme
Andria 
Belmira
nemestrino
cristo
mauro
democrates
achille
diolinda
durand
josafa
maura
nise
zariel
aragao
dores
naomi
frontis
sarah
amadeu
rurik
hamilton
Andresca
Belinda
Danila           
juventino
eligio
frontin
dolabela
sheth
tamandare
isidoro
fidel
penafort
Samia
Abinaldo
ekewaka
halola
silvio
galates
brandao
fulvia
odemira
Ariane
austregesilo
amaltrudes
fulvio
shakti
antero
zelenka
quelidonia
acsa
quelidonio
Edelzuita
mikhail
erminio
efrem
malcolm
Josefa
barbacena
halona
edmara
olivia
aresio
ecabara
rebelo
olivio
Ariana
Coralina
ernani
miyako
Eber
asteria
shin
taciano
fagundes
graciela
laodamia
ricardino
doreta
whitney
claudia
galeba
acemira
Gaudêncio
tolmai
taquarace
gilberto
reed
glaura
Faustino
Ayrton
Odemar
Alaôr
acemiro
odemiro
marietta
Norman 
cupelo
Edgar
geia
ignes
Belonísia
elisabeth
elisabete
idomeu
nivia
norcia
lisias
plutao
amanacy
catherine
Ânia
galvao
ireneu
guayi
haydee
Leandro
Joaquim
hayden
agliberto
eustaquio
Nauria
Leandra
brenho
banabil
eustaquia
nataniel
adrienne
eumenis
Lineu
fabiane
Sheila
fabiana
brenda
arinos
adelpho
elton
erval
eudorico
Ismael
elizabete
percia
osman
evangelina
mancio
osmar
tapira
Guarani
maria-joao
Vílmar
fabiano
evangeline
Amarilis
omar
reid
fiacrio
bonita
hedviges
gentil
Tarcísio
michelle
Zadir
abundio
itanema
ambrogina
Linda
oriana
pitagoras
quandt
radames
Cosme
Donizete
elizabeth
norton
Paola
eraldo
maximiniana
santoro
icaro
kailene
belarmino
crispo
eumenes
grino
Vital
ervina
Poliana
joamar
Deotília 
Adelícia
hamilcar
Indina 
Afrânio
jin
Durval
jim
gladis
daira
Dalira
rene
remo
Christiana 
gena
alcindo
gene
chester
izabel
violet
aaminah
remy
wanderley
astaroth
monoke
niels
ervino
galateia
georges
remi
Patrícia
Ivandra 
bessie
Mélanie
cherry
pitane
luan
ecira
harry
mazagao
bonjy
Edmilson
Agda
daisy
nicanor
mauad
emmanuelle
raiane
Lúcia
Ageo
arinha
waldrich
Lúcio
cirano
adalberto
ecauna
roriza
pablo
lionel
lutero
Janaína
yancy
Graça
cloud
magnolia
georgia
brandon
luca
Adária
luce
iratama
ludolfo
luci
gerd
adam
Keyla
Dinorah
Almerinda
adah
Almerindo
mahaoo
Antonela
goncalo
atalanta
gertruida
ederson
adao
Eucaliane
joh
kaab
quezia
iguatemi
Acelino
machiavel
Patrício
demeter
mader
Genuzia
tissot
uauiarara
leocadia
vinicius
candole
Heloísa
Caldêncio
madel
roderick
roderico
kalawina
Tássia
claudio
regulo
ednalva
bonina
Marlise
Aristeu
Adelson
Acelina
Marlisa
mahara
antioco
inocencia
hassan
joao
joan
joas
oritia
dalberto
emiliano
hercilio
anaxarco
alexia
melquias
hercilia
laila
baiardo
julianne
alceste
atanasio
mozart
balder
mater
molly
adel
absirto
sucena
Balduína
Adercilene
Neusa
Jade
emiliana
inocencio
Balduíno
andomar
Adaliza
elzira
luis
leticia
Laertes
luiz
andreia
Cláudio
eloina
dagomar
adib
chandali
laina
teofilo
ipupiara
Lília
Amávia 
Mateus
Jafe
Ronald
redenta
Cláudia
Alésia 
Norma
Israel
mainara
javae
anapio
rovena
genara
teotonio
crisanto
lucio
genaro
Manuel
javan
Alcineide
adjuto
birgitta
fleury
xenocrates
alison
joel
adir
zancheta
jonio
eloise
Cacilda 
eloisa
eleakim
ioshua
lucia
neila
ilah
perato
haroldo
assuero
liadan
kaio
luna
Nazário
candia
kaia
eleuterio
Rian
Jair
seamus
clementine
tiago
nancy
ibraim
luma
ilca
clementino
caninde
nanci
argaios
Maomé
laisa
alita
hilbert
kaki
rafiq
belamiro
bertina
bailey
decio
Judith 
Aurino
borislav
esequiel
Jacira
kristofer
eduardo
tirso
estefano
petronia
diacira
lorinda
Aldenor
jezabel
Damião
liberatore
agostinho
debbie
eduarda
mansur
petronio
tirsa
Glicéria
dalmira
kami
Jucélia
muniz
Galileu
donatienne
Janina
elato
russell
aury
Anedina
Janine
munir
Renan
noreen
polidoro
acineto
Ione
Neuza
geminiano
cicero
kali
sibila
lamberto
italo
krishna
adom
Jane
Janilce
Jani
dalmiro
Dimas
kala
barnabas
kale
neiva
Zedilia
belamino
ilka
irenia
jona
penha
agatocles
Demétrio
firmino
Eulália
beoto
marjani
roedel
belamina
canuto
helio
edivaldo
allende
joly
penia
ereima
tabata
ansaldo
Vanina
David
ebenezer
lahanau
trevor
kana
valdivino
argira
kane
Samanta
helge
juliano
yelena
Laerte
candy
nivea
zamira
tamara
alfonso
Tomé
ephraim
juliana
kai
Dinah 
otoniel
benson
vilasboas
zattera
Ioná
camron
canet
geovanna
basilina
selma
kanope
manfredo
jannike
valdivio
basilino
bernadete
Valentim
aphrodite
atreu
celimena
graciniato
guarani
edvaldo
aristofilo
xenos
bogdan
dracon
ebert
Fabiana
angelica
karl
caligula
Rosiane
aglae
oderico
Adalto
angelico
Wilma
kara
Adelair
kari
Adalva
clancy
rozala
elson
luciolo
Fabiano
kaua
renita
hanibal
kaue
ken
aderbal
andreza
amintor
melquior
basilindo
jose
kalina
dimitri
sileno
alexandrino
Amorosa 
josi
dimitre
janete
kate
silena
britania
badin
luciola
alexandrina
hipereides
kelama
sila
lindoia
euridice
ilsa
teogenes
Ida
albertina
gareth
tapiraca
cassio
eglantina
paraopeba
Solene
apoinar
albertino
loris
keenan
cassia
benevola
rogaciano
agripino
jadon
andresa
benevolo
Sebastião
salvio
Adalice
arriola
dedan
hira
perseu
Cassandra
ulpiano
kim
kin
terezinha
behael
Adérito
yolanda
magnus
nidia
czeslaw
Janice
margarida
josé
tosin
aires
gisleine
Lucena
justine
guadalupe
justina
justino
chilon
Julião
Josiane
azarias
Imaculada 
elsie
breno
Joselene
backer
cleide
Rita
loresio
Acrísio
Frederico
jacobina
duarte
elbia
oldaira
Frederica
expedito
Écio
angenora
helvina
Valquíria
dayse
wikolia
Alexandre
Daglia
bentes
Amira
Alexandra
neica
Alexandro
leah
leal
ubiracema
guaraci
ana-maria
valteno
silvya
Daiani
caitlin
lorna
salvatore
Edelmira
Adão
airao
Antonieta
onesiforo
diores
sita
Daiana
auricelia
berardo
Daiane
arouche
Gonçalo
umberto
delamar
Armindo
maicol
palmira
leda
lucas
maicon
danielle
elfort
balster
lelitia
raulino
basina
palmiro
felicienne
clodoaldo
belerofonte
pacifico
collet
Betânia
venturada
Querubim
gesuino
cabral
neide
Arminda
jonas
neida
raissa
Isadora
jaziel
Edenir
jeronimo
nowak
laguna
candal
Joelly
cecrops
gedeao
Adalina
birgit
imelde
paris
Dilma
imelda
Romário
haikela
alcione
flaviano
panfilo
ibaque
manaoio
harold
barnabe
joao-maria
daslange
lucca
zoroastro
Joelma
oriba
stanley
barnaby
taciquara
Letízia
Aprígio
aldina
hamlet
padua
Dânia
agasias
licio
amanayara
cembira
adela
fragoso
amilcar
valonia
Michael
gabrio
heladio
lokelika
adele
dagmara
guaraciara
roama
Cynthia
gabriel
guaira
delfino
rebekah
delfina
palakine
aristides
João
avis
latino
bolina
Zoé
urias
marindia
eliasoe
Marta
arquimedes
roald
Cleyde
airton
deodato
marcionilo
waldo
zerlinda
violeta
crescencia
cendira
xereu
matilda
bensabat
matilde
walda
idario
antidio
Alexsandro
cleofas
mathias
frances
mirabel
lelanta
scherer
perside
kyung-soon
gilmara
chede
balsamina
gabala
clarinda
Samuel
Pamela
jetro
Georgete
karina
harahel
karine
Olália
quixote
Luís
Diniz
ednie
vigilio
Caliandra
Lyra
ibiuna
Dinis
amorreu
bretas
Ivo
benito
laudalio
thais
felicien
singrid
polifemo
Teresa
anunciacao
ortigao
palakika
Violante
tamuz
laudalia
sigmar
eleotero
lena
windsor
Galdência
floyd
rosana
polifeno
reuben
myra
aimbere
misael
colton
manrico
jubal
pierluigi
Aurízia 
hercules
Galdêncio
kalamela
Cleidiane
acindina
lavone
palakiko
Aécio
fileto
Aldaisa
fuad
iacina
idalina
Dafne
América
Janecleide
hoirandi
astora
caxambu
Vera
florbela
Camélia
cotiguara
Thuanna
ibotira
Evaristo
felicity
leon
quinn
esther
realengo
aghata
Jorgina
macrino
matteo
jayma
kinderman
Floriano
Andressa 
Thuanny
idalino
trajano
Edneia
amabilia
leri
mayara
silvino
ulando
jemime
Constança
adrovaldo
jemima
tecarema
gaila
pitangui
Emanuel
walter
filogonio
Oswaldo
arnon
agustin
holly
jouvin
hazael
Franciely
celso
leto
Eden
flora
oduino
bryan
laa
Amena 
Nivaldo
Almerita
al-samir
raisa
naindi
Jucele
Stenio
marjorie
euriale
sabatino
Jaidete
Edênia
flori
Rosaura
farell
minna
karolyn
uriel
floro
Dagnólia
raira
divinalda
Clodomiro
Genezia
thara
bartira
antigona
ateneu
macaon
lamar
ortigia
pamplona
quira
ajaguna
kento
Agledy
levi
susanne
Daci
kabir
leonidio
solon
halias
Abdenago
Noah
leander
climerio
japira
yannis
anadir
Neyde
xanthe
aramis
Américo
Luciana
ahsley
jacicoe
micajah
volimar
irapua
tersandro
generoso
generosa
lea
herminio
Luciane
lee
guaraciaba
arnobio
karin
karim
Liliana
guaratinga
Liliane
Luciano
leo
Sabrina
ibaranta
wolfran
casira
Natalina
aglaupo
pace
Vanda
paco
setimo
Juraci
teodorico
napoleao
constantino
hidalgo
tacito
giuseppina
garamantia
Sydney
eufemia
karla
Gladys
Galeno
bonifante
natasha
constantina
clay
pelagio
Irineu
cario
Andréa
daltivo
muriel
sadoque
zebulon
Edvânia
Tainá
joannes
vittore
alethia
giovanni
Noel
achila
giovanna
reginaldo
tacira
karly
Edegundes
maraneima
octavia
hermogenes
ibanez
spencer
Ambrósio
andramaca
ansur
Arnaldo
geoffrey
Edna
epitacio
kamadewa
lis
leupena
roberta
liz
ikaika
erik
izolina
dedalo
Rosimar
lissandra
eric
karol
roberto
Agnaldo
Adedina
Andrés
ivanhoe
izolino
judas-tadeu
kurumi
kamadeva
Dandara
mansueto
page
dorothea
bertram
destiny
genevra
Narayana 
erla
aidil
cesare
Aida
asael
Guilherme
eneida
Clóvis
paim
Taina
asafe
Zefanias
aureliano
mecenas
macris
orpheu
lauriano
Éder
Cidália
erotildes
morgana
merle
alcimene
cleo
diocleciano
Isidora
Aderbal
jeceara
cassiano
geriao
murilo
castilho
fidelis
palamedes
elena
Odilson
Ariel
Caleb
fidelio
Taíssa
Jader
cassiana
pali
lamech
acilda
Ademilde
Fortunato
Dana
Dylan
quon
neleu
paki
Isidoro
eala
Noemi
Adriel
Adelcinda
Cárin
nestor
paula
angela
nelio
angelo
Esdras
lot
dona
zola
alvarenga
pane
pilar
Adeliane
werner
Agostinho
dourival
Cássio
aretusa
Filomena
xerxes
manaca
jaromir
clorinda
gastao
fernao
eros
vinola
elaine
paulo
Adalzira
cordel
dietrich
ximen
pallas
adrasteia
amosia
Jadir
barbela
Cássia
Cora
felismino
klaus
thiago
walton
Dara
rufino
Tereza
killian
acilia
moises
Madalena
roriz
rosendo
almir
Clarice
Dercy
ituriel
segismondo
cloe
belisario
dora
genivaldo
elvio
hiroshi
elvis
tammy
shuichi
nelly
izolita
vitalina
alethea
calvin
earl
lua
lui
jovito
allan
dirceu
jose-maria
Altamira
Inácio
ifimedia
bismark
raimunda
jovita
patsy
raimundo
emilly
simone
alejandra
adelmo
dirce
zora
amapola
laseja
alcidia
bill
djalma
gedao
ricarda
afif
angelica-maria
Davi
Lina
Daciria
inae
salvalus
eirapua
erondina
Adosinda
winikeneke
Rosileyde
lanakala
Cristina
antimaco
lupercio
odelia
aleardo
constancia
arco-verde
tovar
simonie
Cecília
lisis
alejandro
zelina
latonia
doug
inca
Aline
anais
landolfo
xilon
odelio
eliano
mina
paul
antitio
libia
ryan
colomba
adorinda
Jacqueline
Henrique
Jason
seraome
apollinare
ines
acace
meakiai
alessandro
Lira
emilia
Aníbal
inez
emilie
acaco
alessandra
colombo
genetilides
Tomás
ariele
emilio
chuck
cilene
antiloco
christofer
albuim
Dagmery
Sofia
himineu
zaide
Rosilene
menandro
elzeario
charissa
Zedith
albarino
chandler
ricardo
policleto
Bebiana
matusalem
henri
peracio
robinson
Sandy
piedade
jesse
geroncio
Hernâni
anael
henry
dinartea
lacedemon
mira
alexandra
jessy
zaida
ingo
aegla
alexandre
rodger
Joelson
addae
gardenia
lepeka
armim
feba
Ivete
Solange
ruben
habel
karan
rubem
bogumil
roque
Zilda
Ebenezer
bonnie
reynold
hersilia
dalmacio
Aixa
thalia
itauna
vismara
zaire
jesus
zaira
Kayanne
afra
Diogo
tamar
pompeia
fabienne
manuella
Adelaide
lissa
filiberto
jabril
jovino
Leilani
esau
gayla
mac
mab
juaci
placidio
Bruno
fradique
menipo
eucaris
melania
melanie
placidia
baeta
hannah
febo
adelfo
max
kakalina
febe
adelfa
louise
Guilhermina
jandir
madressilva
Gianluca
eucles
adelio
messias
yoshiaki
ervin
segismundo
nigel
alcides
Basilisa 
adelia
karen
cleanto
genciana
miracema
Liza
hasan
macedon
carolina
Alice
caroline
brizola
rubia
baena
genciano
Bruna
zaina
Alcínia 
hagite
maria-estela
tiberio
Arícia 
Elisângela 
Gilda
servio
jaciema
isabele
eberaldo
roquira
edilberto
ozanan
Aldicelia
damiano
vinicio
fanny
mel
Domênico
galvino
hersilio
louis
germaine
abnara
isabela
edmar
Edélio
nagibe
Adair
adonias
Candelária
melaneu
zaila
beraldo
Milena
Inácia
armia
damiana
fanor
Albertino
barreiros
vitorio
apolinaria
veriano
dorival
gratiano
messina
odara
Albertina
pericles
ipoema
lotis
tales
Myriam
Lilian
zorah
agnes
isaia
parsifal
adonica
Rosilda
Benilde
edwiges
vitoria
Marco
quercia
Vilson
Carmen
brunswichk
mia
wenceslas
Monique
ailson
ana-clara
batimeu
glice
ermengarda
vadenberg
hermione
kleber
akira
talia
esia
blandino
aranha
holda
vanderlei
beryl
blandina
fabiola
esio
rozamondo
fuyuki
feitosa
diane
berry
adamina
nicole
delfico
iglesias
schneider
jecabebe
Baronildes
diana
marlon
lenore
Adaci
Balbina
fileas
Edelmo
lenora
berta
William
Branca
espartaco
Balbino
gorki
nicola
Agripina
Maria
eliade
fabrice
Stela
Gumersindo
tomasio
roxane
romano
avila
mirthes
xadai
ruana
Cléo
romana
Edelma
jenifari
Romeu
micael
aristodemos
leonidas
kammille
berto
concepcion
Pascoal
Angelique 
esme
aristodemo
Rolando
Bruce
waldir
Pérola 
Júnior
hermeto
zahra
acidalia
tomasia
Mabelly
agar
Juan
beate
caterina
eliabe
laheto
anand
fascinio
Alecsandro
erotides
parmenio
dalziza
moi
apolonio
agda
veridiana
mor
althea
apolonia
fonseca
simoes
edwino
Marly
geovana
eson
Eleanor 
isaac
tarsila
kuat
beroe
eilen
socrates
axel
edwina
marigold
antigowa
celia
churi
araquem
remigio
Marli
celio
maiara
jepiara
laoconte
xenofonte
pololena
velma
Iolanda
leucosia
solveig
yehudi
ivanice
leandra
agapanto
gleide
mollie
alexander
antoniano
Tatiana
ageu
leandro
anaja
almasor
Jeferson
casimiro
Vítor
lotus
Bartolomeu
eliane
rosivalda
Henriqueta
eliana
laurentine
urbi
talarico
enedina
praxedes
Nonato
rivadavia
aliyah
idere
kemal
peregrino
Expedito
roberval
grajau
jada
jade
elder
Jalisson
Dinora
ayala
jaco
noleka
mairon
celeo
Ubirajara
valentin
valentim
Caleano
valencia
petronilho
brunilda
valencio
jaci
Geovana 
Luana
jack
zerbini
apollinairis
osnia
Martinho
Bento
alekona
alzira
apolinario
anami
francis
agis
Anísio
jafe
ribas
giulia
almada
mirelle
pierina
teobaldo
zephan
toby
borja
ubirata
ubandara
roboao
Canuta
fabricio
jael
Dailza
boris
lumiana
angerona
kimberley
Jackeline
belano
wania
alois
nanette
alcandro
Osmar
nabih
Osman
sepetiba
kauan
elissa
acates
jerema
kuumomimakamae
Neize
belami
quintus
Athena 
adalton
Ebert
nardini
mazagoua
Isolda
pelena
silva
satoru
entoria
lanete
leilane
nadabe
umarama
Miguel
kiopaa
viviane
inema
jair
rian
airetama
viviana
magalhaes
Aires
Nélson
sonia
lubomira
betina
elodia
lombardi
casto
daniela-helena
Benjamim
farah
alapaki
rosamaria
tatius
damon
sonja
Angelina
oduvaldo
yvone
acacio
Cassilda
rico
josue
ana-cristina
fabricia
wanda
dakota
Alcides
Consuelo
Débora
rick
corallina
eunapio
Inês
bacuara
lyuba
ordalia
annemarie
Marilza
acacia
cimeina
carmelinda
vanessa
efeso
Estêvão
moreira
Benvinda
lisete
jano
nabor
uana
kuri
nicomedes
militino
Belém
mirabele
Berenice
kurt
jane
venilia
Nayara
darcio
verginia
evelyn
mahasiah
kiliano
Gaetana
iole
Troy
ezequias
odemar
almaquio
afrodite
tainaca
chelsea
toni
izilcara
Felipa 
Iara
ana-carla
Adaltiva
Alcídia
greice
benilda
epigone
assur
rigoleto
ibsen
alessia
Messias
roaldo
nazareh
tome
iona
judit
loteno
ecai
ione
Íris
Lázaro
tarcao
Lorenzo
gigi
lauretta
nichole
hartmut
amada
relinde
berthe
francisco
bertha
morel
Angelita
ezequiel
quintilo
zoraide
Vitório
baldovino
eudocia
anuar
nei
eufena
Pedrina
jari
kapane
Breno
Dóris
ney
Moisés
rhonda
Norberta
quintino
tony
francisca
Norberto
rolanda
etel
franklin
Madel
valdemar
deifila
simao
elcana
Abinálio
timeus
rolando
Marília
simas
Aguinaldo
wladis
arnaldo
Edilene
Jussara
douglas
jati
apikalia
osorio
riki
gisel
zanini
kamealamalama
lydia
constance
nazario
nazaria
Lea
Matias
odete
iori
Vitória
anabel
chiara
scalco
Soraya
ajira
Itamar
echo
mustafa
elisario
Marlene
nil
charlote
alboino
Januário
jave
khadija
Antônio
pearl
rina
Lumena
ubiraci
Antônia
gina
faruk
ivaldir
simplicia
Cacimiro
metis
bronwen
Antenor
rochelle
simplicio
Altair
Aleandra
brooke
eudoro
pancho
batilde
kamila
pedrito
joaquim
Ozael
heros
eudora
Sarah
dulcidio
nivaldo
flabela
pacheco
alteia
heron
Izaira
Edélcio
Belma 
Elba 
Lia
demarato
aryana
astor
Martim
myrcia
aristeia
lincoln
erika
fabian
Graziela
domingos
gisa
Oton
Bartira
nazare
elisio
colares
etna
Sávio
Aliana
Alírio
wismara
Martha
ajuricaba
arlindo
eulalia
Hélder
Caieon
Carilinda
aldonca
Amauri
galia
osvaldo
elisha
zelinda
keakakona
jutta
ynes
Catarina
noa
noe
catia
Geovani
danao
eulalio
rita
nenia
Inara
arlinda
Cátia
zelmira
Jeane
Amaury
ermirio
aleixo
eton
Deivid
Macário
origenes
Cácia
Amilton
Jean
Áurea
geisila
faros
jeffrey
risa
ronald
undine
Abílio
aineki
eliseu
periclesia
gita
erick
Manoela
capotira
erico
aristoteles
gertraud
arvidio
canirim
Antero
eleazar
Kelma
riva
Jéssica
Natacha
galen
aster
catao
Zayda
amara
hurassi
adelelmo
amary
mi-cha
evelin
endyra
balderico
Amadeo
nabal
iraci
joviano
Amadeu
faris
jacimira
Acácio
abati
livia
martins
Mauro
quiroga
Maura
agueda
livio
ocirema
igaci
jacqui
martino
tarcisio
alcantara
edmilson
josie
moamede
mayim
Otto
ulima
shira
alanis
egido
Kelly
Liana
ariano
cipouna
katya
Marcos
Liane
leoncio
Anieta
ariane
Percival
erica
ayla
Delfina
pedro-henrique
imamaiah
Delfino
mabelle
zuleica
belcanto
abana
orlando
Custódio
amana
Alvantino
halehale
jobim
quincas
graziano
aprigio
sonal
ana-veronica
valdomiro
Acácia
farid
andre
Isabel
palemon
reagan
Genaro
dioclecio
adamir
andrelina
levinda
Isis
ubirani
Ludmila
Lua
yarin
iakopa
Jaqueline
Lurdes
dionira
Naomi
carmelo
carmela
Vanusa
Gezilmar
jasper
lopine
Luz
Soraia
Juciene
camapua
andreoli
kailina
soleon
kaluana
jussara
yasmin
Rebeka
keke
Amavilde 
keki
percy
saliba
malina
osiris
sandoval
perci
edissa
osirio
Arlete
armenio
cupido
analisa
dicea
mebahel
kremer
Dulcineia
Vanuza
diomar
Juciele
Aldair
einar
frank
placida
hubert
isabella
frans
melissa
Thabita
asileu
isabelle
tolosa
kemp
joao-paulo
Rúben
kely
Aurélia
Luã
placido
ceneu
lorenza
Dália
arcangelo
keli
giani
joana
Aurélio
giane
ferraz
magna
dmitry
lorenzo
pakile
adeltrudes
bahman
cendi
carlindo
Jeni
beaulah
wendel
magno
becky
cinira
Milton
salmoneu
Helis
iemanja
Mabel 
emerson
anceu
kent
meehiel
tanuz
aricia
tatiana
Andiara
almeidna
diacui
hilda
hilde
andrija
malika
felix
Gastão
Marcus
helbia
laodice
helvecia
Márcio
thais-helena
copernico
waclaw
Márcia
Donatilio
perez
Cármen
camena
peres
ercilia
rossi
zakia
ercilio
imael
barcelos
clara
tabacema
antje
ana-paula
clare
Dores 
camelia
clark
ecleu
Nídia
edberto
Neide
perla
silas
oricema
carol
manolo
willian
caron
Neida
chrysanta
william
khalil
mazzaroti
Norildo
naama
gertrudes
vero
clarita
hilal
Rebeca
Alípio
joata
maedra
caassica
jaima
beverly
saulo
Daisi
jaime
vera
Galdina
vasti
lamaki
Calazan
Hélio
Manuela
epiteto
Daisy
Galdino
anastasius
odo
Jaribe
Max
heradia
Judite
vilalobos
dalia
raruama
rhode
Daise
thatiana
eddy
barbara
anteu
katia
Gracinda
betel
norina
menelau
pedrina
Violeta
kathy
cobe
josefina
murta
deodoro
naara
saturno
Salvador
alcibiades
marshal
efraim
Eleonora
landim
noah
brian
cobi
abundancio
Estefânia
clarina
burle
eder
leila
Arlene
Alan
eden
aldomiro
Sidney
Severino
balbilio
Veríssimo
daniel
gabriela
hauolimau
Laila
gabriele
Jandira
Severina
Sidnei
xerazade
carly
ipua
walesca
jaire
Daine
girani
jairo
apolinio
flavio
antar
Ebiegio
Alba
carmo
antal
Cris
Ecila
Juradir
zada
Jonas
antao
Rúbia
galieno
bourbon
brumalia
peron
Yael
anderson
Lucas
carla
ibotirama
bettina
lidya
Daina
volupia
Fausto
zaci
ihilane
carlo
Christian
oren
flavie
Arcanjo
Janilson
edmond
ihilani
pascoal
duncan
flavia
Odin
tibirica
esteves
oka
Óscar
tanja
Aldo
apuana
Adailtom
Joselina
Adailton
anselme
oko
anselma
Carole
Alda
ajyra
Nair
anselmo
minerva
noel
gelmires
Alex
melquisedeque
teodomiro
Marilda
Mia
catrina
somina
Javan
noea
Anézia
carlton
Alfredina 
manoel
agesilau
brasilia
javier
Dagoberto
Caio
natacha
danila
oma
belfort
bertoldo
Susana
rosaura
peonia
zahi
danilo
pavel
zorana
pandoro
elvino
george
antistenes
Kátia
raimondo
danika
ona
caulon
pandora
meliteu
Zalete
Belchior
alarico
Thomaz
concordia
ibitira
ediseu
Heitor
Abner
oris
alarice
niceforo
upton
estevao
regina
estevan
Tiago
aide
aida
janari
alepeleko
edno
aurelio
edom
dale
Abraão
halikaka
alegria
elicio
Laisa
jacara
Isabela
robby
nelson
aica
jesebel
edmo
lamia
andersen
bertrando
pavlo
mendelson
talbot
harriet
adelmar
ambrosina
xafik
Vida
addolorata
ranieri
Zaqueu
bocaiuva
edna
catira
gerardo
xafic
beulah
euro
yoko
almara
nola
Nancy
gwineth
cole
tecobiara
tolinda
bersabe
Porfírio
dana
leopoldo
WÁLTENO
aurelia
assis
Edviges 
casey
gisela
tania
arcade
Zacarias
Emaús
gisele
haideia
zaniel
naiade
meneleu
Baltazar
liuba
joabe
Constantino
anthony
wolfgang
zaki
Laira
Alma
melvino
Quitéria
aziz
nona
rasmussen
eryca
justo
clarice
onesio
weston
rossini
betsy
Penha
ebira
zane
isaias
joaci
oto
ibate
campesino
azim
katarina
rozalia
celestino
zozima
magda
napeia
betty
dara
zozimo
espedito
ormeo
gregor
dalton
danita
Sertório
eutalia
halima
albano
ladaria
darceno
zandone
giordana
tansy
Esmeralda
padovani
astemio
zandona
debora
jorge
kalena
Nara
halina
tainara
renner
marcial
ibare
ladario
yona
Josias
obeima
yone
edegar
Clarisse
Yara
euclides
lila
nora
garret
wiki
Osneide
anton
Selma
nemeia
aima
ramses
thaina
paracambi
sinclair
ramsey
jorie
aiko
cinzia
lika
rigotto
adalfredo
maggy
liki
zara
felisberto
cora
hilma
adalfreda
Edeildes
jorio
ayrton
petrarca
narea
sadala
agnaldo
feronia
linh
sansone
Mirela
line
pianco
amorim
guarauna
elvira
emily
florence
lino
brito
robin
nardo
dalva
leagro
odulfo
bayer
isaiah
brita
Morgana
davi
imaculada
kabza
agnata
abelardo
aime
araripe
demetrio
severiano
wila
agnato
penalvo
melvina
zebadiah
doroteia
nana-1
palmer
lily
lidia
cambuquira
demetria
maurilio
bastos
piraja
Rafael
taras
ramon
zemina
Cauê
nilce
rider
Cauã
flausino
victor
baltasar
Rosemar
pavlov
rosamundo
gerusa
piraju
Alva
Daniel
ilana
Perólia
keane
antalcidas
lacerda
Flora
romulo
airy
berilo
Sinésio
ebraim
kylie
majui
naiara
lelia
salustio
wesley
Aloysio
itapoa
miqueias
ildefonso
aeropa
lelio
renata
ibura
zeinab
upiara
nildo
krigor
radmila
renato
Paula
faustolo
nilda
Orlando
germain
durvalino
otavio
zedekiah
Maximiliano
Norimar
melquiades
dercino
dayane
otavia
kerry
andrea
giuliana
adilson
aladim
colatino
Beladora 
zazu
homero
adriele
islena
cordula
estefanio
zanchi
odenato
mirno
aiso
Gardênia
paulete
andrew
Baltasar
Mizael
estefania
mirna
elika
wanderson
maricilia
santos
Belanice
Berta
adira
camarao
temis
brasiliana
apolline
rosete
brasiliano
jocelyn
kimball
trinidad
germano
Diana
Leonardo
alberto
burnier
alilat
glaucipe
alberta
teodosio
germana
xantipo
adisa
cambuci
lavinea
ramos
acurcio
claudiana
romario
Florêncio
ekemona
ojibe
xantipa
deocleciano
herculano
jacirema
lokine
oliveira
diocles
arari
claudiano
arare
laverne
Diógenes
Ortelina
Roseli
pergamo
theodoro
laverna
Nilson
pei
aglaia
havilah
adila
Roselyn
oxana
mauliola
oscar
paige
theodore
andras
Marina
agata
heloisa
adolfo
berengar
Deyvson
enoma
zahara
Selena
baependi
aixa
heloise
kriger
Isaías
biara
golias
sinead
arati
erasmo
terence
Ananias
jurema
nilme
davila
Bendito
nilma
Aquiles
adina
elida
ibarama
aracunda
helmut
sarosh
edana
ronaldo
agave
caique
rashne
rachelle
valmir
sinval
mirta
Eriberto
vergueiro
pompeu
shandar
apoema
clodoveu
Ney
davino
roaslie
Antilino
arani
perilo
beltrao
davina
Paulo
Eloísa
elias
floide
pio
zahirah
clarencio
megara
demostenes
porfirio
solange
aleluia
Nelma
chico
daichi
adeona
menfis
biron
Fernão
Clementino
sebastiana
arienne
alaude
Ashley 
cirineu
mirza
mallory
Clementina
marise
Vinícius
marisa
pedro
lidiane
perdida
aclima
estefanas
gurgel
epimenides
schubert
Elisabete
aglaio
Elisabeth
Jacirene
Brisa 
anubis
coralia
sofronio
vilarinho
amabile
jessica
penelope
cleusa
Tulane
Nádia
ximenes
rowan
ligorio
Felisberto
clodoviu
inacio
adolphus
neville
ajax
ariovaldo
kumari
tinoco
Anail
Uriel
Francisco
Dalton
marilu
jupiara
belmonte
clodovil
rufus
vagner
kuarashi
Ecilene
freia
jurece
bueno
turmalina
Horácio
sinoe
Briana
mahafara
Adalberto
sofocles
magino
marina
itapema
inacia
farrah
cecilia
peke
marino
adolar
yachi
Benedito
cecilio
arrieta
acaiah
Aglaia
Benedita
marins
cleon
Dirce
Raika
simaco
Lícia
marion
esmond
Leonor
Paulina
Amir
paneki
Tobias
gaspar
birigui
Auxiliadora
Ondina
dicteu
almerio
esperidiao
freda
perito
Arthur
rudolfo
Marisa
eliza
Adolfo
juan
Marise
Armanda
Elvira
almeria
cleia
Marcelo
Paulino
Armando
tilexine
agilulfo
vonda
Noa
jacomo
marathon
Fátima
Allan
jocelim
kasandra
jocelin
osni
fatua
Marcela
jaqueline
Danis 
agledes
athos
fatuo
ramao
Isaura
Adolfa
pero
jardine
nadal
Teodora
aiyra
Edmir
yates
marija
Esther 
newton
conte
diaurum
juca
peri
mauari
allegra
brites
caliope
jacome
Francisca
horton
heneliaka
Reinaldo
otelo
Wendel
afonsina
Nelsa
Edegar
Nélia
geruza
ligia
obajara
Luciene
caridoto
maricy
Zeandra
Danilo
judy
otilio
felisbelo
juacir
raschele
Lealcindo
otilia
judi
atamante
calino
lisarte
Noé
Belarmino
junior
Belarmina
Teodoro
calina
juda
irae
mariel
Andrelina
nader
cristalia
lavinia
iaci
arduino
egbert
eudine
Leónidas
Jayme
keokolo
wellerson
desire
iaba
miranda
Adalício
heidrun
bambui
almerinda
kieran
foster
natalicio
lavinio
xanthus
Giovani
aileen
admeto
lupicinia
apicio
Giovana
zania
daphne
eginardo
Mariza
gabrielle
beatriz
guaracema
taci
fatma
epicuro
lemuela
Aurelino
vitula
elisa
karolina
cunina
umbelino
elise
iaco
antemio
kakali
karoline
Zailde
mariam
quodvultdeus
peddy
mariah
lupicinio
nadir
anastasia
eliot
Romilda
alikia
xavantina
keaka
Victor
lacinio
nadia
temao
faetonte
miria
semira
anunciata
kenrick
marica
aristarco
ivone
Aparecida
adelita
antoinette
magide
adozina
Ximena
latasha
marici
arabela
Carin
sandro
budant
rhodes
zuriel
Corina
victorius
adilah
policarpo
busmeyer
mucio
sideria
Olímpia
hogo
Jeovanna
iris
Anativa
mucia
atilio
levindo
Caíque
warren
iria
Brian
iago
ventura
baucide
konia
maria-helena
cincinato
urania
pomona
Emiliana
sabara
angicia
Adalton
Carina
Josefina
irma
maisa
samantha
peter
augustine
Delmar
Anelcides
maire
Viviane
luisa
maira
Anésia
dante
vera-lucia
osvino
salome
katherine
june
taia
sandra
Anésio
Viviana
luise
juno
telma
Caren
dulcineia
Dominica 
Jaciara
gleusa
opira
alonso
modesto
iamo
elinor
fernandino
Adriane 
Tales
fido
ralph
eucleia
raynard
sampson
sigrid
maite
Leonel
zalman
rosemary
jupi
musidora
benevenuto
etevaldo
ana-augusta
vilar
modesta
balduino
bertoli
osborn
acelo
manaolana
mantovani
ibiacema
jandaira
diego
Zaida
ibiacu
rembrandt
artemis
jakob
artemio
escolastico
abella
cristiano
raymond
Marjolene
nanael
iandara
artemia
cristiana
iana
keegan
Roni
toledo
dascilo
chandra
venceslau
Jaciane
lamartine
luiza
wilfred
gerthe
mitzrael
giglio
Aloísio
genevieve
jaciaba
abraao
evaldo
ibiara
Bernadete
Luzitânia
jerusa
Romão
bosco
hong
fenix
Abelino
Manoel
obdias
Sara
Estefani
Simplício
ulisses
eleonor
romero
Rose
gloria
aricina
moses
Alsorina
Rosa
Elena
robert
Admilson
edmarcio
kermit
bandeira
Mélcia
eleonora
janaina
ataleia
Flor
Rogéria
icilio
sabrina
verena
adoriabelle
iara
iluminato
Rogério
Eleine
egito
sachafer
furlan
Renata
igara
ibiama
aspasio
Fábio
jurandir
blando
aspasia
andrea-luisa
uiara
Abelita
zadeao
Simara
Maísa
herta
ibiraja
aneci
micaela
adramalec
saturnino
astra
polikia
Eurica
blanck
Açucena
Carine 
igapi
Luísa
apollon
claudionor
Eurico
petra
Anissa 
vilma
genebra
harrisson
Camilly
deise
Almir
Rúbens
blanda
ettore
irani
Renato
Camille
anunciada
heitor
Dalmares
Batista
Fábia
Noélia
irving
Abrahão
marcolina
rodrigo
gelasia
yente
harpina
rutger
agenor
Ivan
Zaine
briseu
felisa
moria
Astrid
Dionísia
Ozório
neandro
sebastian
sebastiao
emelia
nayara
Dionísio
cassandra
kaolin
Marileide
leonie
mirina
leonia
kuanna
dieneces
himeneu
hemeterio
poppy
jewel
Humberto
adiel
cadmo
favorino
juvencia
rosvaldo
belgio
angela-fabiana
aelia
Sônia
Deusolea
agron
deimos
Alcina
marcolino
simon
nolan
rogeria
pelasco
pakelekia
kanike
kerstin
Zaira
genesis
Glaúcia
sonya
rogerio
erasto
hidetaka
jean
pantaleao
suzana
genesio
aloisio
felipe
pololika
cristal
Anastácia
zafriel
lorraine
Amanda
schumacher
tersio
Edenildo
genesia
oton
Anália
hermano
Belísia
Edenilde
wikoli
takashi
Adeli
bitencourt
maida
luzia
perpetuo
luigi
regis
acilina
evodia
Leilah
allan-kardec
rodel
perpetua
yvette
Nilton
Adeia
regia
narcisio
moama
althaia
ibiraci
Orlandina
antenore
Adeir
isao
Thuyla
isar
caitria
fingal
antoine
zebilon
Alminda 
Orlandino
arsione
leonor
valquiria
Gisleine
nakine
Raymunda
felina
aderaldo
diomiro
delmiro
Oto
Jessé
jordana
agabo
Melissa
Ubiratã
otto
albuquerque
haniel
sicupira
arabi
anaxarete
acilino
antonieta
edilson
Mônica
Karen
nolina
natan
Anaiza 
natal
antoniete
araci
ubaldo
fedato
dilermando
arace
clemencio
maike
Pierre
pascal
moneta
evaisto
clemencia
palona
vadim
Jesus
kyle
Dionia
kenana
moara
paloma
antelma
clarissa
clarisse
drimaco
creta
iseu
sherlock
caronte
cleonice
adalard
apiuna
antelmo
zanetti
jordano
alvaro
odaleia
aguilar
macunaima
stephanie
marcilio
tobias
abigail
elmira
gotardo
dejanira
fabia
anaide
heber
helancia
matheus
hellen
waioleka
ana-claudia
maria-aparecida
tacicema
Andréia
Célia
androcleia
fabio
nereza
Adeci
Teobaldo
esmeralda
Tamára
ekena
ondrej
magdalena
serge
elquenor
arthur
Sasha
miriam
anete
joseline
ichiro
Aitor
leonildes
ekeka
samara
Celso
copreu
sophia
jacinira
cauan
isis
griselda
moraes
zahrah
esidio
Roland
Marieta
jandaia
sophie
caubi
Alissa 
pancracio
vivian
agnese
danton
sampaio
rae
Ulisses
raj
marielsa
Camerindo
lamona
maarten
Moacir
salustiano
Penélope
Adilma
Genésio
malva
anesia
olinda
betsabe
Felícia
zelda
neputira
izabella
irece
eudoxia
aguimar
nicodemus
policasta
amery
jupiter
grazia
Malena
yerik
Taís
micol
neemias
geslinda
maxima
Mécia
Talita
oseias
izabelle
scott
morris
buriti
aba
edagmara
labao
abe
Edcarlos
morais
Gisela
Fernanda
jens
maxine
Fernando
delfim
epicares
carian
Belino
jolene
godofredo
adalmiro
demas
lekana
Narcisa
lopeka
Eudora
acurio
godofreda
lanake
ren
binder
ada
anticiro
aristotelina
rex
amena
ado
Belina
adalfrida
eudoxio
melinda
eucadia
Regiane
vandique
washington
Túlio
Brízida
raoul
Fabrízia 
ariadne
issa
andronico
diomedes
benjamim
otacilio
benigno
labda
peakalika
henele
igapira
radomil
clothilde
adigenio
palapala
bonifacio
otacilia
bonifacia
egeo
nolemana
josemar
benigna
Adauto
isra
damastor
Nízia
consuelo
Natália
arquelau
domencia
fulgencia
Belonice
Carlos
egeu
jerusha
nabi
larissa
Girlene 
abdera
Macy
hildefonso
Fabrício
adamastor
Samara
cajaty
Fabrícia
altiva
fedalto
Dinara 
Mae 
jaciendi
naam
retama
Leslie
Eugênia
ademir
damaceno
bambi
hamadriade
Yasmin
nadi
floripedes
cadi
menotti
benvindo
laurencio
sidonio
zelio
caco
Muriela
Salomé
egil
Amândio
edesia
indira
aka
afonso
upira
edesio
Calícia
quintiliano
robson
donald
neofito
alba
kameahookohoia
odin
odir
jarina
esculapio
neofita
ali
fatima
zelia
kanakake
tacio
Dalva
leonel
Hera 
alan
mendel
mitzi
alam
nady
Brida 
zaccheus
mendes
rob
agnelo
alda
eufrasio
crisostomo
yago
Rigoberto
amy
artur
Nuno
Ederaldo
assaradon
ron
Larisa 
eufrasia
higino
ana
sulamita
Onofre
aldo
ecalia
jacqueline
roy
iacee
ank
cesar
rocema
margot
navito
Adília
agapio
moema
Léa
kedar
valesca
Belita
esmondo
emanuela
Eliana
ana-carolina
carina
nadezhda
Eliane
nazareno
zelfa
icario
Franklin
poranga
armand
yair
Lucélia
alfa
Elísio
ailton
altino
balbina
Amélia
tasso
Albino
naja
desiderio
valentino
balbino
Osvaldo
Bartolina
Aduzinda
Gilberto
graco
nicholas
alec
naim
brigido
hypsea
apolo
Abimael
caio
dulce
caim
joao-pedro
egon
nair
kuana
Charlene 
alex
xenika
lolita
aleo
Calisto
gibrail
Mayse
franciele
aldegunde
Hedviges
patricio
odon
patricia
ademar
Belivalda
Dilar 
feres
moke
ara
cacapava
graca
palaka
grace
patience
Yuri
ari
malie
pires
Mayra
ormeno
Dalmara
Sophie
Kauan
cafene
acucena
ben-hur
diceia
Galba
hamish
amicia
ary
asa
desideria
calistrato
wilson
hildebrando
Nataniel
rachel
heraclito
Laudicéia
haskel
Sophia
malka
Almira
iadah
rui
tertuliano
roquete
odilon
donato
adler
caon
hiran
nana
valeriana
hiram
Bóris
Erica
pocema
donata
tristao
helcias
Dalma
Djalma
tabor
valeriano
itau
custodio
ulysses
anice
sedecias
Wanda
ednilda
alenica
yale
Dalmo
larry
Ernesto
albilio
assunta
daria
Clara
idalia
ozias
Mara
Lívio
savino
Sandro
Lívia
alma
ambrose
darin
dario
araruna
sigefredo
amerindia
lourenco
brigida
ocrisia
eliezer
aniceto
tercero
cleber
rachid
naor
mona
valentina
Belisário
irene
fleur
idalio
yani
Dário
dardeno
janel
yank
Sandra
amalie
Josué
janet
kika
yasuhiko
Odete
wendler
jonathan
hortensio
teanira
yara
aloa
cass
cupertino
nara
Belizaura
adlai
darci
amalia
andromeda
aderico
cara
urbanus
andressa
jaciara
hortensia
eumelo
palapi
Beth 
Valéria
adolfina
jango
eurides
caue
alistair
zelotes
caua
faizel
taleia
hermenegildo
yeray
carmeliano
kimi
arrais
Carol
laudelino
oziel
xisto
lakina
yasu
nata
carmeliana
myrella
gaylord
astrid
rutilio
henriqueta
barauna
Aclécio
icem
Waldir
monique
colchida
icer
Dulcilaine
quintanilha
janio
rahyssa
Máxima
potengy
Carmo
joselia
potengi
Maya
januario
edeline
Larissa
goiana
king
kini
edelina
henoheno
piata
raoni
arden
estela
kimo
elisangela
eusebia
naum
rabelo
Monise
mota
aristobulo
piaso
vesta
odilio
bartinik
maluf
rodovaldo
eusebio
ictino
Irenilda
arieta
odemara
palani
saiao
amandina
itagiba
Adónis
otinga
lenis
sam
warda
odila
isnardo
flaminio
juarez
Carla
clinia
neimar
naahman
flaminia
Mélvin
mentor
adelino
Rosendo
digna
christer
silvester
narciso
caturama
aguilara
atico
cendyl
feital
amandy
gracilio
alcipe
Marilene
isaura
agrecio
amanda
kirk
federigo
hedda
menelaia
adelina
freya
isauro
adeline
boyd
gerania
Adilson
kira
adamantino
alana
aldaira
anselmina
rogato
henrike
camiro
danuto
rogata
Tamires
adamantina
vita
lindalva
Neci
alano
danuta
Lindalva 
cabira
kazuaki
Abigail
herodoto
set
suriel
barney
ibere
ariberto
gabinio
Victória
lenita
alaor
anselmino
winifreda
nemias
bea
Yves
cynthia
balbo
draco
fenaio
juruna
ben
sintique
romilda
rosilene
lucelia
Magda
huberto
adalrico
romildo
darcenio
konder
eudes
franco
maria-luiza
viva
eldred
alain
alair
falcao
sartori
fadel
Lucrécia
tecoara
damaso
rosemeire
baldo
gioconda
giovana
brigita
raguel
bogdana
brigite
Suzana
everaldo
gervasio
carioca
valeria
siv
alcina
baleo
mencia
acursio
Agipino
gilmar
Caique
valerie
Gasparina
mencio
zeca
Valesca
valerio
Sansão
caillet
alcino
presley
icra
livino
ludovico
Bazílio
rothes
tenorio
Jorge
Hilda
elpenor
ranya
ludovica
virgulino
filemon
betania
Neil
becker
Germano
arionte
vitoldo
edson
rishon
India
santiago
donatelo
Gabriel
Miriam
eugene
Amara
adelmarino
estanislau
gerhard
merope
ismeria
Agenor
arapua
Ênio
maikekai
adelmarina
ceres
rafael
halevi
eneias
André
kaniela
neria-1
sergio
salviano
cristovao
poncio
ovid
deia
damasceno
graziela
dulcelina
Bernardo
Frank
maleah
Nely
mahina
natanael
silvestre
Giani
lakshmi
domicio
Alberto
Giana
angel
cirilo
roger
maria-luisa
hecuba
crasso
ibrahim
Vasco
bispo
rosario
susie
cipriana
liliana
Brita 
rosaria
liliane
Neli
Jaide
bob
ileina
leodonia
nereu
marcela
alcido
pacaembu
marcelo
freja
Reginaldo
esmeria
sansao
getulio
sheridan
Seomara
neria
aldevira
getulia
deni
caete
cipriano
dena
keamuka
alaba
Narci
Graciano
Raquel
frieda
coimbra
araguarino
zeki
Alaíde
Urbano
horst
nasser
fauzi
bendita
luiziane
Ewellyn
perseia
Joana
juacira
lokene
poguira
Altamir
calcante
francois
ibaretama
barbara-heliodora
honorino
zeno
alciao
zene
Ferdinando
Félix
jeremias
Andreise
armando
zena
Lídia
jeremiah
wilton
wiltom
coaraci
yervant
paulino
Roberta
aguinaldo
didima
yakecan
cassarah
yentil
paranagua
Acires
juanita
uahoomanaokahaku
Rudolfo
melahel
aquiles
benoite
bud
iatai
wapasha
matatias
anarcase
didimo
paulina
Edelberto
amir
pauline
amin
amim
randy
everton
Jessiel
garnet
sofonias
Lidiane
ana-graciela
astrogildo
henoque
Tenório
lokelani
oholupalupa
bianor
beatrice
rezon
quevedo
alfred
modestino
jamal
epaminondas
nilza
electa
motta
macrina
lokele
paraty
gavina
wellington
Cursino
adalgisa
pedrinho
Aldenice
zeto
Almerina
Ramiro
climenia
aquilao
guido
ikepela
aquilas
tulio
camille
Ândreo
hazel
eunice
marsilio
felicio
haide
Adelita
Hugo
tulia
justiniano
parati
Gael
camilo
h-edwiges
atila
chantal
ualri
clotario
vince
encarnacion
ernesto
torrance
Emília
paiva
camila
Katia
guida
stanislau
agelau
ermelinda
bianca
enrique
amon
aquilina
ubirajara
winike
ana-luiza
zeus
tufi
Saulo
lucidora
gaditano
Leila
amos
ermelindo
Darcy 
Eliseu
Clarissa 
colomano
parisio
Abdias
james
Jaime
reinoldo
rode
Mercedes
sigfrid
jorgen
brunhilde
xavier
menphis
etama
Conceição
Elba
Emílio
sadi
Mathias
batuel
milena
susanae
garrido
Matilde
euripedes
byron
Donatela 
nicolino
Edcleia
fauno
cremilda
tabita
ufente
bethany
Bonifácio
taylor
Perla
Jerusa
hector
itabira
tau
Silas
blandicia
ribamar
Roberto
jamie
Abelim
seleno
zandra
jamil
priscila
delio
anesio
Jurema 
anastacio
egberto
rosely
perdita
ana-luisa
cam
Nadine
tabira
albert
anastacia
roseli
cataldi
Gregório
Maurício
said
Bonifácia
iamana
pelike
iuna
Jairo
youseef
Nívea 
piovesan
granada
Eliezer
epicasta
lanassa
aquilio